VCD info: dumpfile wave.vcd opened for output.

=== TEST 1: Reset state check ===

=== TEST 2: Single write/read ===
[46000] WRITE OK: data=0xa5a50001, exp_q.size=1
[66000] READ OK: data=0xa5a50001, exp_q.size=0

=== TEST 3: Fill FIFO ===
[86000] WRITE OK: data=0x00000000, exp_q.size=1
[106000] WRITE OK: data=0x00000001, exp_q.size=2
[126000] WRITE OK: data=0x00000002, exp_q.size=3
[146000] WRITE OK: data=0x00000003, exp_q.size=4
[166000] WRITE OK: data=0x00000004, exp_q.size=5
[186000] WRITE OK: data=0x00000005, exp_q.size=6
[206000] WRITE OK: data=0x00000006, exp_q.size=7
[226000] WRITE OK: data=0x00000007, exp_q.size=8
[246000] WRITE OK: data=0x00000008, exp_q.size=9
[266000] WRITE OK: data=0x00000009, exp_q.size=10
[286000] WRITE OK: data=0x0000000a, exp_q.size=11
[306000] WRITE OK: data=0x0000000b, exp_q.size=12
[326000] WRITE OK: data=0x0000000c, exp_q.size=13
[346000] WRITE OK: data=0x0000000d, exp_q.size=14
[366000] WRITE OK: data=0x0000000e, exp_q.size=15
[386000] WRITE OK: data=0x0000000f, exp_q.size=16

=== TEST 3-1: Write while FULL (should be ignored) ===
[400000] WARNING: write requested while FULL (ignored by DUT)

=== TEST 4: Drain FIFO ===
[426000] READ OK: data=0x00000000, exp_q.size=15
[446000] READ OK: data=0x00000001, exp_q.size=14
[466000] READ OK: data=0x00000002, exp_q.size=13
[486000] READ OK: data=0x00000003, exp_q.size=12
[506000] READ OK: data=0x00000004, exp_q.size=11
[526000] READ OK: data=0x00000005, exp_q.size=10
[546000] READ OK: data=0x00000006, exp_q.size=9
[566000] READ OK: data=0x00000007, exp_q.size=8
[586000] READ OK: data=0x00000008, exp_q.size=7
[606000] READ OK: data=0x00000009, exp_q.size=6
[626000] READ OK: data=0x0000000a, exp_q.size=5
[646000] READ OK: data=0x0000000b, exp_q.size=4
[666000] READ OK: data=0x0000000c, exp_q.size=3
[686000] READ OK: data=0x0000000d, exp_q.size=2
[706000] READ OK: data=0x0000000e, exp_q.size=1
[726000] READ OK: data=0x0000000f, exp_q.size=0

=== TEST 5: Simultaneous read/write ===
[746000] WRITE OK: data=0x10000000, exp_q.size=1
[766000] WRITE OK: data=0x10000001, exp_q.size=2
[786000] WRITE OK: data=0x10000002, exp_q.size=3
[806000] WRITE OK: data=0x10000003, exp_q.size=4
[826000] WRITE OK: data=0x10000004, exp_q.size=5
[846000] WRITE OK: data=0x10000005, exp_q.size=6
[866000] WRITE OK: data=0x10000006, exp_q.size=7
[886000] WRITE OK: data=0x10000007, exp_q.size=8
[900000] INFO: before simul R/W : r_ptr=10001, w_ptr=11001
[906000] INFO: Simul R/W OK. read=0x10000000 write=0x20000000
[920000] INFO: before simul R/W : r_ptr=10010, w_ptr=11010
[926000] INFO: Simul R/W OK. read=0x10000001 write=0x20000001
[940000] INFO: before simul R/W : r_ptr=10011, w_ptr=11011
[946000] INFO: Simul R/W OK. read=0x10000002 write=0x20000002
[960000] INFO: before simul R/W : r_ptr=10100, w_ptr=11100
[966000] INFO: Simul R/W OK. read=0x10000003 write=0x20000003

=== TEST 5-1: Drain remaining data after simul R/W ===
[986000] READ OK: data=0x10000004, exp_q.size=7
[1006000] READ OK: data=0x10000005, exp_q.size=6
[1026000] READ OK: data=0x10000006, exp_q.size=5
[1046000] READ OK: data=0x10000007, exp_q.size=4
[1066000] READ OK: data=0x20000000, exp_q.size=3
[1086000] READ OK: data=0x20000001, exp_q.size=2
[1106000] READ OK: data=0x20000002, exp_q.size=1
[1126000] READ OK: data=0x20000003, exp_q.size=0

=== DEBUG: DUT memory dump ===
[1130000] FIFO mem[0] = 0x0000000f
[1130000] FIFO mem[1] = 0x10000000
[1130000] FIFO mem[2] = 0x10000001
[1130000] FIFO mem[3] = 0x10000002
[1130000] FIFO mem[4] = 0x10000003
[1130000] FIFO mem[5] = 0x10000004
[1130000] FIFO mem[6] = 0x10000005
[1130000] FIFO mem[7] = 0x10000006
[1130000] FIFO mem[8] = 0x10000007
[1130000] FIFO mem[9] = 0x20000000
[1130000] FIFO mem[10] = 0x20000001
[1130000] FIFO mem[11] = 0x20000002
[1130000] FIFO mem[12] = 0x20000003
[1130000] FIFO mem[13] = 0x0000000c
[1130000] FIFO mem[14] = 0x0000000d
[1130000] FIFO mem[15] = 0x0000000e

*** ALL TESTS PASSED ***
